<?xml version="1.0" encoding="UTF-8"?>
<testsuite name="com.reactive.api.framework.ReactiveAPIFrameworkMainTests" tests="1" skipped="0" failures="0" errors="0" timestamp="2020-06-16T17:10:12" hostname="C02Y10D3JGH5" time="0.267">
  <properties/>
  <testcase name="contextLoads()" classname="com.reactive.api.framework.ReactiveAPIFrameworkMainTests" time="0.267"/>
  <system-out><![CDATA[22:40:10.190 [Test worker] DEBUG org.springframework.test.context.BootstrapUtils - Instantiating CacheAwareContextLoaderDelegate from class [org.springframework.test.context.cache.DefaultCacheAwareContextLoaderDelegate]
22:40:10.205 [Test worker] DEBUG org.springframework.test.context.BootstrapUtils - Instantiating BootstrapContext using constructor [public org.springframework.test.context.support.DefaultBootstrapContext(java.lang.Class,org.springframework.test.context.CacheAwareContextLoaderDelegate)]
22:40:10.241 [Test worker] DEBUG org.springframework.test.context.BootstrapUtils - Instantiating TestContextBootstrapper for test class [com.reactive.api.framework.ReactiveAPIFrameworkMainTests] from class [org.springframework.boot.test.context.SpringBootTestContextBootstrapper]
22:40:10.259 [Test worker] INFO org.springframework.boot.test.context.SpringBootTestContextBootstrapper - Neither @ContextConfiguration nor @ContextHierarchy found for test class [com.reactive.api.framework.ReactiveAPIFrameworkMainTests], using SpringBootContextLoader
22:40:10.263 [Test worker] DEBUG org.springframework.test.context.support.AbstractContextLoader - Did not detect default resource location for test class [com.reactive.api.framework.ReactiveAPIFrameworkMainTests]: class path resource [com/reactive/api/framework/ReactiveAPIFrameworkMainTests-context.xml] does not exist
22:40:10.264 [Test worker] DEBUG org.springframework.test.context.support.AbstractContextLoader - Did not detect default resource location for test class [com.reactive.api.framework.ReactiveAPIFrameworkMainTests]: class path resource [com/reactive/api/framework/ReactiveAPIFrameworkMainTestsContext.groovy] does not exist
22:40:10.264 [Test worker] INFO org.springframework.test.context.support.AbstractContextLoader - Could not detect default resource locations for test class [com.reactive.api.framework.ReactiveAPIFrameworkMainTests]: no resource found for suffixes {-context.xml, Context.groovy}.
22:40:10.265 [Test worker] INFO org.springframework.test.context.support.AnnotationConfigContextLoaderUtils - Could not detect default configuration classes for test class [com.reactive.api.framework.ReactiveAPIFrameworkMainTests]: ReactiveAPIFrameworkMainTests does not declare any static, non-private, non-final, nested classes annotated with @Configuration.
22:40:10.313 [Test worker] DEBUG org.springframework.test.context.support.ActiveProfilesUtils - Could not find an 'annotation declaring class' for annotation type [org.springframework.test.context.ActiveProfiles] and class [com.reactive.api.framework.ReactiveAPIFrameworkMainTests]
22:40:10.387 [Test worker] DEBUG org.springframework.context.annotation.ClassPathScanningCandidateComponentProvider - Identified candidate component class: file [/Users/i515721/Desktop/project/workspace/reactive-api-framework/build/classes/java/main/com/reactive/api/framework/ReactiveAPIFrameworkMain.class]
22:40:10.389 [Test worker] INFO org.springframework.boot.test.context.SpringBootTestContextBootstrapper - Found @SpringBootConfiguration com.reactive.api.framework.ReactiveAPIFrameworkMain for test class com.reactive.api.framework.ReactiveAPIFrameworkMainTests
22:40:10.501 [Test worker] DEBUG org.springframework.boot.test.context.SpringBootTestContextBootstrapper - @TestExecutionListeners is not present for class [com.reactive.api.framework.ReactiveAPIFrameworkMainTests]: using defaults.
22:40:10.501 [Test worker] INFO org.springframework.boot.test.context.SpringBootTestContextBootstrapper - Loaded default TestExecutionListener class names from location [META-INF/spring.factories]: [org.springframework.boot.test.autoconfigure.restdocs.RestDocsTestExecutionListener, org.springframework.boot.test.autoconfigure.web.client.MockRestServiceServerResetTestExecutionListener, org.springframework.boot.test.autoconfigure.web.servlet.MockMvcPrintOnlyOnFailureTestExecutionListener, org.springframework.boot.test.autoconfigure.web.servlet.WebDriverTestExecutionListener, org.springframework.boot.test.autoconfigure.webservices.client.MockWebServiceServerTestExecutionListener, org.springframework.boot.test.mock.mockito.MockitoTestExecutionListener, org.springframework.boot.test.mock.mockito.ResetMocksTestExecutionListener, org.springframework.test.context.web.ServletTestExecutionListener, org.springframework.test.context.support.DirtiesContextBeforeModesTestExecutionListener, org.springframework.test.context.support.DependencyInjectionTestExecutionListener, org.springframework.test.context.support.DirtiesContextTestExecutionListener, org.springframework.test.context.transaction.TransactionalTestExecutionListener, org.springframework.test.context.jdbc.SqlScriptsTestExecutionListener, org.springframework.test.context.event.EventPublishingTestExecutionListener]
22:40:10.511 [Test worker] DEBUG org.springframework.boot.test.context.SpringBootTestContextBootstrapper - Skipping candidate TestExecutionListener [org.springframework.test.context.web.ServletTestExecutionListener] due to a missing dependency. Specify custom listener classes or make the default listener classes and their required dependencies available. Offending class: [javax/servlet/ServletContext]
22:40:10.513 [Test worker] DEBUG org.springframework.boot.test.context.SpringBootTestContextBootstrapper - Skipping candidate TestExecutionListener [org.springframework.test.context.transaction.TransactionalTestExecutionListener] due to a missing dependency. Specify custom listener classes or make the default listener classes and their required dependencies available. Offending class: [org/springframework/transaction/interceptor/TransactionAttributeSource]
22:40:10.514 [Test worker] DEBUG org.springframework.boot.test.context.SpringBootTestContextBootstrapper - Skipping candidate TestExecutionListener [org.springframework.test.context.jdbc.SqlScriptsTestExecutionListener] due to a missing dependency. Specify custom listener classes or make the default listener classes and their required dependencies available. Offending class: [org/springframework/transaction/interceptor/TransactionAttribute]
22:40:10.514 [Test worker] INFO org.springframework.boot.test.context.SpringBootTestContextBootstrapper - Using TestExecutionListeners: [org.springframework.test.context.support.DirtiesContextBeforeModesTestExecutionListener@4d4efcc4, org.springframework.boot.test.mock.mockito.MockitoTestExecutionListener@605a4ece, org.springframework.boot.test.autoconfigure.SpringBootDependencyInjectionTestExecutionListener@46c3a18, org.springframework.test.context.support.DirtiesContextTestExecutionListener@6b2c1375, org.springframework.test.context.event.EventPublishingTestExecutionListener@51be6a08, org.springframework.boot.test.autoconfigure.restdocs.RestDocsTestExecutionListener@63a072cf, org.springframework.boot.test.autoconfigure.web.client.MockRestServiceServerResetTestExecutionListener@6f93859, org.springframework.boot.test.autoconfigure.web.servlet.MockMvcPrintOnlyOnFailureTestExecutionListener@d452448, org.springframework.boot.test.autoconfigure.web.servlet.WebDriverTestExecutionListener@2f09f1c2, org.springframework.boot.test.autoconfigure.webservices.client.MockWebServiceServerTestExecutionListener@4f5fc8e6, org.springframework.boot.test.mock.mockito.ResetMocksTestExecutionListener@2b0aa4]
22:40:10.519 [Test worker] DEBUG org.springframework.test.context.support.AbstractDirtiesContextTestExecutionListener - Before test class: context [DefaultTestContext@6a4da92e testClass = ReactiveAPIFrameworkMainTests, testInstance = [null], testMethod = [null], testException = [null], mergedContextConfiguration = [ReactiveWebMergedContextConfiguration@7ca015cb testClass = ReactiveAPIFrameworkMainTests, locations = '{}', classes = '{class com.reactive.api.framework.ReactiveAPIFrameworkMain}', contextInitializerClasses = '[]', activeProfiles = '{}', propertySourceLocations = '{}', propertySourceProperties = '{org.springframework.boot.test.context.SpringBootTestContextBootstrapper=true}', contextCustomizers = set[org.springframework.boot.test.autoconfigure.properties.PropertyMappingContextCustomizer@0, org.springframework.boot.test.autoconfigure.web.servlet.WebDriverContextCustomizerFactory$Customizer@476ac89c, org.springframework.boot.test.context.filter.ExcludeFilterContextCustomizer@354040aa, org.springframework.boot.test.json.DuplicateJsonObjectContextCustomizerFactory$DuplicateJsonObjectContextCustomizer@7f4212e, org.springframework.boot.test.mock.mockito.MockitoContextCustomizer@0, org.springframework.boot.test.web.client.TestRestTemplateContextCustomizer@6f58e1de, org.springframework.boot.test.web.reactive.server.WebTestClientContextCustomizer@146a083d, org.springframework.boot.test.context.SpringBootTestArgs@1], contextLoader = 'org.springframework.boot.test.context.SpringBootContextLoader', parent = [null]], attributes = map[[empty]]], class annotated with @DirtiesContext [false] with mode [null].
22:40:10.532 [Test worker] DEBUG org.springframework.test.context.support.DependencyInjectionTestExecutionListener - Performing dependency injection for test context [[DefaultTestContext@6a4da92e testClass = ReactiveAPIFrameworkMainTests, testInstance = com.reactive.api.framework.ReactiveAPIFrameworkMainTests@4228e152, testMethod = [null], testException = [null], mergedContextConfiguration = [ReactiveWebMergedContextConfiguration@7ca015cb testClass = ReactiveAPIFrameworkMainTests, locations = '{}', classes = '{class com.reactive.api.framework.ReactiveAPIFrameworkMain}', contextInitializerClasses = '[]', activeProfiles = '{}', propertySourceLocations = '{}', propertySourceProperties = '{org.springframework.boot.test.context.SpringBootTestContextBootstrapper=true}', contextCustomizers = set[org.springframework.boot.test.autoconfigure.properties.PropertyMappingContextCustomizer@0, org.springframework.boot.test.autoconfigure.web.servlet.WebDriverContextCustomizerFactory$Customizer@476ac89c, org.springframework.boot.test.context.filter.ExcludeFilterContextCustomizer@354040aa, org.springframework.boot.test.json.DuplicateJsonObjectContextCustomizerFactory$DuplicateJsonObjectContextCustomizer@7f4212e, org.springframework.boot.test.mock.mockito.MockitoContextCustomizer@0, org.springframework.boot.test.web.client.TestRestTemplateContextCustomizer@6f58e1de, org.springframework.boot.test.web.reactive.server.WebTestClientContextCustomizer@146a083d, org.springframework.boot.test.context.SpringBootTestArgs@1], contextLoader = 'org.springframework.boot.test.context.SpringBootContextLoader', parent = [null]], attributes = map[[empty]]]].
22:40:10.554 [Test worker] DEBUG org.springframework.test.context.support.TestPropertySourceUtils - Adding inlined properties to environment: {spring.jmx.enabled=false, org.springframework.boot.test.context.SpringBootTestContextBootstrapper=true}

  .   ____          _            __ _ _
 /\\ / ___'_ __ _ _(_)_ __  __ _ \ \ \ \
( ( )\___ | '_ | '_| | '_ \/ _` | \ \ \ \
 \\/  ___)| |_)| | | | | || (_| |  ) ) ) )
  '  |____| .__|_| |_|_| |_\__, | / / / /
 =========|_|==============|___/=/_/_/_/
 :: Spring Boot ::       (v2.4.0-SNAPSHOT)

2020-06-16 22:40:10.990  INFO 34523 --- [    Test worker] c.r.a.f.ReactiveAPIFrameworkMainTests    : Starting ReactiveAPIFrameworkMainTests using Java 1.8.0_211 on C02Y10D3JGH5 with PID 34523 (started by i515721 in /Users/i515721/Desktop/project/workspace/reactive-api-framework)
2020-06-16 22:40:10.991  INFO 34523 --- [    Test worker] c.r.a.f.ReactiveAPIFrameworkMainTests    : No active profile set, falling back to default profiles: default
2020-06-16 22:40:12.405  INFO 34523 --- [    Test worker] c.r.a.f.ReactiveAPIFrameworkMainTests    : Started ReactiveAPIFrameworkMainTests in 1.843 seconds (JVM running for 3.128)
]]></system-out>
  <system-err><![CDATA[]]></system-err>
</testsuite>
